Using pre-set license
Built from '2020.3/staging' branch; Version is '2020.3.9f1 (108be757e447) revision 1084391'; Using compiler version '192528614'; Build Type 'Release'
OS: 'Windows 10 Pro; OS build 19041.985; Version 2004; 64bit' Language: 'de' Physical Memory: 16320 MB
BatchMode: 1, IsHumanControllingUs: 0, StartBugReporterOnCrash: 0, Is64bit: 1, IsPro: 0

 COMMAND LINE ARGUMENTS:
C:\Program Files\Unity\Hub\Editor\2020.3.9f1\Editor\Unity.exe
-adb2
-batchMode
-noUpm
-name
AssetImportWorker0
-projectPath
C:/Users/Leon/Desktop/Projekt_KI/Better-be-quick/Better be quick
-logFile
Logs/AssetImportWorker0.log
-srvPort
51912
Successfully changed project path to: C:/Users/Leon/Desktop/Projekt_KI/Better-be-quick/Better be quick
C:/Users/Leon/Desktop/Projekt_KI/Better-be-quick/Better be quick
Using Asset Import Pipeline V2.
Refreshing native plugins compatible for Editor in 43.60 ms, found 1 plugins.
Preloading 0 native plugins for Editor in 0.00 ms.
Initialize engine version: 2020.3.9f1 (108be757e447)
[Subsystems] Discovering subsystems at path C:/Program Files/Unity/Hub/Editor/2020.3.9f1/Editor/Data/Resources/UnitySubsystems
[Subsystems] Discovering subsystems at path C:/Users/Leon/Desktop/Projekt_KI/Better-be-quick/Better be quick/Assets
GfxDevice: creating device client; threaded=0
Direct3D:
    Version:  Direct3D 11.0 [level 11.1]
    Renderer: NVIDIA GeForce GTX 1070 (ID=0x1b81)
    Vendor:   
    VRAM:     8088 MB
    Driver:   27.21.14.6611
Initialize mono
Mono path[0] = 'C:/Program Files/Unity/Hub/Editor/2020.3.9f1/Editor/Data/Managed'
Mono path[1] = 'C:/Program Files/Unity/Hub/Editor/2020.3.9f1/Editor/Data/MonoBleedingEdge/lib/mono/unityjit'
Mono config path = 'C:/Program Files/Unity/Hub/Editor/2020.3.9f1/Editor/Data/MonoBleedingEdge/etc'
Using monoOptions --debugger-agent=transport=dt_socket,embedding=1,server=y,suspend=n,address=127.0.0.1:56276
Begin MonoManager ReloadAssembly
Registering precompiled unity dll's ...
Register platform support module: C:/Program Files/Unity/Hub/Editor/2020.3.9f1/Editor/Data/PlaybackEngines/WebGLSupport/UnityEditor.WebGL.Extensions.dll
Register platform support module: C:/Program Files/Unity/Hub/Editor/2020.3.9f1/Editor/Data/PlaybackEngines/WindowsStandaloneSupport/UnityEditor.WindowsStandalone.Extensions.dll
Registered in 0.003320 seconds.
Native extension for WindowsStandalone target not found
Native extension for WebGL target not found
Refreshing native plugins compatible for Editor in 47.46 ms, found 1 plugins.
Preloading 0 native plugins for Editor in 0.00 ms.
Mono: successfully reloaded assembly
- Completed reload, in  1.503 seconds
Platform modules already initialized, skipping
Registering precompiled user dll's ...
Registered in 0.001162 seconds.
Begin MonoManager ReloadAssembly
Native extension for WindowsStandalone target not found
Native extension for WebGL target not found
Refreshing native plugins compatible for Editor in 40.85 ms, found 1 plugins.
Preloading 0 native plugins for Editor in 0.00 ms.
Mono: successfully reloaded assembly
- Completed reload, in  1.216 seconds
Platform modules already initialized, skipping
========================================================================
Worker process is ready to serve import requests
Launched and connected shader compiler UnityShaderCompiler.exe after 0.06 seconds
Refreshing native plugins compatible for Editor in 0.53 ms, found 1 plugins.
Preloading 0 native plugins for Editor in 0.00 ms.
Unloading 1836 Unused Serialized files (Serialized files now loaded: 0)
System memory in use before: 87.6 MB.
System memory in use after: 87.5 MB.

Unloading 24 unused Assets to reduce memory usage. Loaded Objects now: 2281.
Total: 2.871100 ms (FindLiveObjects: 0.336700 ms CreateObjectMapping: 0.120400 ms MarkObjects: 2.243800 ms  DeleteObjects: 0.168900 ms)

========================================================================
Received Import Request.
  path: Assets/Scripts/Game_Over.cs
  artifactKey: Guid(abaef4d54dd45de4ebd0389d87232da0) Importer(815301076,1909f56bfc062723c751e8b465ee728b)
Start importing Assets/Scripts/Game_Over.cs using Guid(abaef4d54dd45de4ebd0389d87232da0) Importer(815301076,1909f56bfc062723c751e8b465ee728b)  -> (artifact id: '19013f56c24f0c0699eadcbe0241ce8d') in 0.054938 seconds
  Import took 0.059266 seconds .

========================================================================
Received Prepare
Registering precompiled user dll's ...
Registered in 0.001344 seconds.
Begin MonoManager ReloadAssembly
Native extension for WindowsStandalone target not found
Native extension for WebGL target not found
Refreshing native plugins compatible for Editor in 0.37 ms, found 1 plugins.
Preloading 0 native plugins for Editor in 0.00 ms.
Mono: successfully reloaded assembly
- Completed reload, in  0.974 seconds
Platform modules already initialized, skipping
Refreshing native plugins compatible for Editor in 0.37 ms, found 1 plugins.
Preloading 0 native plugins for Editor in 0.00 ms.
Unloading 1818 Unused Serialized files (Serialized files now loaded: 0)
System memory in use before: 86.2 MB.
System memory in use after: 86.2 MB.

Unloading 12 unused Assets to reduce memory usage. Loaded Objects now: 2285.
Total: 2.505600 ms (FindLiveObjects: 0.381400 ms CreateObjectMapping: 0.100400 ms MarkObjects: 1.890500 ms  DeleteObjects: 0.132200 ms)

========================================================================
Received Import Request.
  Time since last request: 18.152044 seconds.
  path: Assets/Scripts/Game_Over.cs
  artifactKey: Guid(abaef4d54dd45de4ebd0389d87232da0) Importer(815301076,1909f56bfc062723c751e8b465ee728b)
Start importing Assets/Scripts/Game_Over.cs using Guid(abaef4d54dd45de4ebd0389d87232da0) Importer(815301076,1909f56bfc062723c751e8b465ee728b)  -> (artifact id: 'a87d15d645dda082c4586910475161aa') in 0.004977 seconds
  Import took 0.008204 seconds .

========================================================================
Received Prepare
Registering precompiled user dll's ...
Registered in 0.001327 seconds.
Begin MonoManager ReloadAssembly
Native extension for WindowsStandalone target not found
Native extension for WebGL target not found
Refreshing native plugins compatible for Editor in 0.49 ms, found 1 plugins.
Preloading 0 native plugins for Editor in 0.00 ms.
Mono: successfully reloaded assembly
- Completed reload, in  1.097 seconds
Platform modules already initialized, skipping
Refreshing native plugins compatible for Editor in 0.48 ms, found 1 plugins.
Preloading 0 native plugins for Editor in 0.00 ms.
Unloading 1818 Unused Serialized files (Serialized files now loaded: 0)
System memory in use before: 86.3 MB.
System memory in use after: 86.3 MB.

Unloading 12 unused Assets to reduce memory usage. Loaded Objects now: 2289.
Total: 2.252300 ms (FindLiveObjects: 0.187500 ms CreateObjectMapping: 0.091000 ms MarkObjects: 1.803100 ms  DeleteObjects: 0.169800 ms)

========================================================================
Received Prepare
Registering precompiled user dll's ...
Registered in 0.001097 seconds.
Begin MonoManager ReloadAssembly
Native extension for WindowsStandalone target not found
Native extension for WebGL target not found
Refreshing native plugins compatible for Editor in 0.39 ms, found 1 plugins.
Preloading 0 native plugins for Editor in 0.00 ms.
Mono: successfully reloaded assembly
- Completed reload, in  1.128 seconds
Platform modules already initialized, skipping
Refreshing native plugins compatible for Editor in 0.76 ms, found 1 plugins.
Preloading 0 native plugins for Editor in 0.00 ms.
Unloading 1818 Unused Serialized files (Serialized files now loaded: 0)
System memory in use before: 86.3 MB.
System memory in use after: 86.3 MB.

Unloading 12 unused Assets to reduce memory usage. Loaded Objects now: 2293.
Total: 3.633900 ms (FindLiveObjects: 0.488200 ms CreateObjectMapping: 0.146500 ms MarkObjects: 2.682200 ms  DeleteObjects: 0.315600 ms)

========================================================================
Received Prepare
Registering precompiled user dll's ...
Registered in 0.001891 seconds.
Begin MonoManager ReloadAssembly
Native extension for WindowsStandalone target not found
Native extension for WebGL target not found
Refreshing native plugins compatible for Editor in 0.73 ms, found 1 plugins.
Preloading 0 native plugins for Editor in 0.00 ms.
Mono: successfully reloaded assembly
- Completed reload, in  1.325 seconds
Platform modules already initialized, skipping
Refreshing native plugins compatible for Editor in 0.43 ms, found 1 plugins.
Preloading 0 native plugins for Editor in 0.00 ms.
Unloading 1818 Unused Serialized files (Serialized files now loaded: 0)
System memory in use before: 86.3 MB.
System memory in use after: 86.3 MB.

Unloading 12 unused Assets to reduce memory usage. Loaded Objects now: 2297.
Total: 2.409000 ms (FindLiveObjects: 0.207100 ms CreateObjectMapping: 0.062800 ms MarkObjects: 1.984000 ms  DeleteObjects: 0.154100 ms)

========================================================================
Received Prepare
Registering precompiled user dll's ...
Registered in 0.001107 seconds.
Begin MonoManager ReloadAssembly
Native extension for WindowsStandalone target not found
Native extension for WebGL target not found
Refreshing native plugins compatible for Editor in 0.40 ms, found 1 plugins.
Preloading 0 native plugins for Editor in 0.00 ms.
Mono: successfully reloaded assembly
- Completed reload, in  1.092 seconds
Platform modules already initialized, skipping
Refreshing native plugins compatible for Editor in 0.52 ms, found 1 plugins.
Preloading 0 native plugins for Editor in 0.00 ms.
Unloading 1818 Unused Serialized files (Serialized files now loaded: 0)
System memory in use before: 86.3 MB.
System memory in use after: 86.3 MB.

Unloading 12 unused Assets to reduce memory usage. Loaded Objects now: 2301.
Total: 2.252000 ms (FindLiveObjects: 0.193100 ms CreateObjectMapping: 0.064900 ms MarkObjects: 1.832000 ms  DeleteObjects: 0.160900 ms)

========================================================================
Received Prepare
Registering precompiled user dll's ...
Registered in 0.001356 seconds.
Begin MonoManager ReloadAssembly
Native extension for WindowsStandalone target not found
Native extension for WebGL target not found
Refreshing native plugins compatible for Editor in 0.38 ms, found 1 plugins.
Preloading 0 native plugins for Editor in 0.00 ms.
Mono: successfully reloaded assembly
- Completed reload, in  1.055 seconds
Platform modules already initialized, skipping
Refreshing native plugins compatible for Editor in 0.40 ms, found 1 plugins.
Preloading 0 native plugins for Editor in 0.00 ms.
Unloading 1818 Unused Serialized files (Serialized files now loaded: 0)
System memory in use before: 86.3 MB.
System memory in use after: 86.3 MB.

Unloading 12 unused Assets to reduce memory usage. Loaded Objects now: 2305.
Total: 2.671900 ms (FindLiveObjects: 0.234300 ms CreateObjectMapping: 0.093300 ms MarkObjects: 2.199000 ms  DeleteObjects: 0.144200 ms)

========================================================================
Received Import Request.
  Time since last request: 586.891271 seconds.
  path: Assets/Scripts/MainMenu.cs
  artifactKey: Guid(c3fb22460563dc74da07489f64c58ec6) Importer(815301076,1909f56bfc062723c751e8b465ee728b)
Start importing Assets/Scripts/MainMenu.cs using Guid(c3fb22460563dc74da07489f64c58ec6) Importer(815301076,1909f56bfc062723c751e8b465ee728b)  -> (artifact id: '3da68ea968eb867966084041f2bf6044') in 0.012911 seconds
  Import took 0.016636 seconds .

========================================================================
Received Import Request.
  Time since last request: 0.002089 seconds.
  path: Assets/Scripts/MainMenu.cs
  artifactKey: Guid(c3fb22460563dc74da07489f64c58ec6) Importer(815301076,1909f56bfc062723c751e8b465ee728b)
Start importing Assets/Scripts/MainMenu.cs using Guid(c3fb22460563dc74da07489f64c58ec6) Importer(815301076,1909f56bfc062723c751e8b465ee728b)  -> (artifact id: '3da68ea968eb867966084041f2bf6044') in 0.002953 seconds
  Import took 0.007127 seconds .

========================================================================
Received Prepare
Registering precompiled user dll's ...
Registered in 0.001079 seconds.
Begin MonoManager ReloadAssembly
Native extension for WindowsStandalone target not found
Native extension for WebGL target not found
Refreshing native plugins compatible for Editor in 0.83 ms, found 1 plugins.
Preloading 0 native plugins for Editor in 0.00 ms.
Mono: successfully reloaded assembly
- Completed reload, in  1.192 seconds
Platform modules already initialized, skipping
Refreshing native plugins compatible for Editor in 0.56 ms, found 1 plugins.
Preloading 0 native plugins for Editor in 0.00 ms.
Unloading 1818 Unused Serialized files (Serialized files now loaded: 0)
System memory in use before: 86.3 MB.
System memory in use after: 86.3 MB.

Unloading 12 unused Assets to reduce memory usage. Loaded Objects now: 2309.
Total: 2.949600 ms (FindLiveObjects: 0.355900 ms CreateObjectMapping: 0.117200 ms MarkObjects: 2.339200 ms  DeleteObjects: 0.135600 ms)

========================================================================
Received Import Request.
  Time since last request: 28.591281 seconds.
  path: Assets/Scripts/MainMenu.cs
  artifactKey: Guid(c3fb22460563dc74da07489f64c58ec6) Importer(815301076,1909f56bfc062723c751e8b465ee728b)
Start importing Assets/Scripts/MainMenu.cs using Guid(c3fb22460563dc74da07489f64c58ec6) Importer(815301076,1909f56bfc062723c751e8b465ee728b)  -> (artifact id: 'ca2e22cdb206131dd2d7e2997485420e') in 0.008958 seconds
  Import took 0.012857 seconds .

========================================================================
Received Import Request.
  Time since last request: 0.012502 seconds.
  path: Assets/Scripts/MainMenu.cs
  artifactKey: Guid(c3fb22460563dc74da07489f64c58ec6) Importer(815301076,1909f56bfc062723c751e8b465ee728b)
Start importing Assets/Scripts/MainMenu.cs using Guid(c3fb22460563dc74da07489f64c58ec6) Importer(815301076,1909f56bfc062723c751e8b465ee728b)  -> (artifact id: 'ca2e22cdb206131dd2d7e2997485420e') in 0.003693 seconds
  Import took 0.006957 seconds .

========================================================================
Received Prepare
Registering precompiled user dll's ...
Registered in 0.001716 seconds.
Begin MonoManager ReloadAssembly
Native extension for WindowsStandalone target not found
Native extension for WebGL target not found
Refreshing native plugins compatible for Editor in 0.53 ms, found 1 plugins.
Preloading 0 native plugins for Editor in 0.00 ms.
Mono: successfully reloaded assembly
- Completed reload, in  1.098 seconds
Platform modules already initialized, skipping
Refreshing native plugins compatible for Editor in 0.69 ms, found 1 plugins.
Preloading 0 native plugins for Editor in 0.00 ms.
Unloading 1818 Unused Serialized files (Serialized files now loaded: 0)
System memory in use before: 86.4 MB.
System memory in use after: 86.3 MB.

Unloading 12 unused Assets to reduce memory usage. Loaded Objects now: 2313.
Total: 2.060800 ms (FindLiveObjects: 0.176500 ms CreateObjectMapping: 0.049000 ms MarkObjects: 1.697300 ms  DeleteObjects: 0.136900 ms)

========================================================================
Received Prepare
Registering precompiled user dll's ...
Registered in 0.001154 seconds.
Begin MonoManager ReloadAssembly
Native extension for WindowsStandalone target not found
Native extension for WebGL target not found
Refreshing native plugins compatible for Editor in 0.44 ms, found 1 plugins.
Preloading 0 native plugins for Editor in 0.00 ms.
Mono: successfully reloaded assembly
- Completed reload, in  1.016 seconds
Platform modules already initialized, skipping
Refreshing native plugins compatible for Editor in 0.46 ms, found 1 plugins.
Preloading 0 native plugins for Editor in 0.00 ms.
Unloading 1818 Unused Serialized files (Serialized files now loaded: 0)
System memory in use before: 86.4 MB.
System memory in use after: 86.3 MB.

Unloading 12 unused Assets to reduce memory usage. Loaded Objects now: 2317.
Total: 2.062000 ms (FindLiveObjects: 0.182200 ms CreateObjectMapping: 0.056700 ms MarkObjects: 1.692100 ms  DeleteObjects: 0.130000 ms)

========================================================================
Received Import Request.
  Time since last request: 161.270226 seconds.
  path: Assets/Scripts/BG_Loop.cs
  artifactKey: Guid(5649efa817ed899499545c8cb5377ee2) Importer(815301076,1909f56bfc062723c751e8b465ee728b)
Start importing Assets/Scripts/BG_Loop.cs using Guid(5649efa817ed899499545c8cb5377ee2) Importer(815301076,1909f56bfc062723c751e8b465ee728b)  -> (artifact id: '46a89fb0346197e36b601448c1969133') in 0.014481 seconds
  Import took 0.018302 seconds .

========================================================================
Received Import Request.
  Time since last request: 0.013251 seconds.
  path: Assets/Scripts/BG_Loop.cs
  artifactKey: Guid(5649efa817ed899499545c8cb5377ee2) Importer(815301076,1909f56bfc062723c751e8b465ee728b)
Start importing Assets/Scripts/BG_Loop.cs using Guid(5649efa817ed899499545c8cb5377ee2) Importer(815301076,1909f56bfc062723c751e8b465ee728b)  -> (artifact id: '46a89fb0346197e36b601448c1969133') in 0.003792 seconds
  Import took 0.007128 seconds .

========================================================================
Received Import Request.
  Time since last request: 18.985094 seconds.
  path: Assets/Scripts/BG_Scaler.cs
  artifactKey: Guid(20c9ab9f837808c4bbe491c05dd1a53b) Importer(815301076,1909f56bfc062723c751e8b465ee728b)
Start importing Assets/Scripts/BG_Scaler.cs using Guid(20c9ab9f837808c4bbe491c05dd1a53b) Importer(815301076,1909f56bfc062723c751e8b465ee728b)  -> (artifact id: '4b41d7a137794fbce754237a0773476b') in 0.008715 seconds
  Import took 0.012217 seconds .

========================================================================
Received Import Request.
  Time since last request: 0.001675 seconds.
  path: Assets/Scripts/BG_Scaler.cs
  artifactKey: Guid(20c9ab9f837808c4bbe491c05dd1a53b) Importer(815301076,1909f56bfc062723c751e8b465ee728b)
Start importing Assets/Scripts/BG_Scaler.cs using Guid(20c9ab9f837808c4bbe491c05dd1a53b) Importer(815301076,1909f56bfc062723c751e8b465ee728b)  -> (artifact id: '4b41d7a137794fbce754237a0773476b') in 0.004531 seconds
  Import took 0.007700 seconds .

========================================================================
Received Import Request.
  Time since last request: 36.182153 seconds.
  path: Assets/Scripts/Player_Movement.cs
  artifactKey: Guid(7fed586c98954104884ca0641418c0e4) Importer(815301076,1909f56bfc062723c751e8b465ee728b)
Start importing Assets/Scripts/Player_Movement.cs using Guid(7fed586c98954104884ca0641418c0e4) Importer(815301076,1909f56bfc062723c751e8b465ee728b)  -> (artifact id: '6f64e629d562e6e636513533c55ca93e') in 0.012563 seconds
  Import took 0.017256 seconds .

========================================================================
Received Prepare
Registering precompiled user dll's ...
Registered in 0.001478 seconds.
Begin MonoManager ReloadAssembly
Native extension for WindowsStandalone target not found
Native extension for WebGL target not found
Refreshing native plugins compatible for Editor in 0.40 ms, found 1 plugins.
Preloading 0 native plugins for Editor in 0.00 ms.
Mono: successfully reloaded assembly
- Completed reload, in  1.053 seconds
Platform modules already initialized, skipping
Refreshing native plugins compatible for Editor in 0.76 ms, found 1 plugins.
Preloading 0 native plugins for Editor in 0.00 ms.
Unloading 1818 Unused Serialized files (Serialized files now loaded: 0)
System memory in use before: 86.4 MB.
System memory in use after: 86.3 MB.

Unloading 12 unused Assets to reduce memory usage. Loaded Objects now: 2321.
Total: 3.064900 ms (FindLiveObjects: 0.169500 ms CreateObjectMapping: 0.134000 ms MarkObjects: 2.581600 ms  DeleteObjects: 0.178300 ms)

AssetImportWorkerClient::OnTransportError - code=2 error=End of file
